<?xml version="1.0" encoding="UTF-8"?>
<testng-results skipped="0" failed="0" ignored="0" total="2" passed="2">
  <reporter-output>
  </reporter-output>
  <suite name="Default suite" duration-ms="3016" started-at="2018-06-15T12:07:45Z" finished-at="2018-06-15T12:07:48Z">
    <groups>
    </groups>
    <test name="Default test" duration-ms="3016" started-at="2018-06-15T12:07:45Z" finished-at="2018-06-15T12:07:48Z">
      <class name="First">
        <test-method status="PASS" signature="getData()[pri:0, instance:First@57baeedf]" name="getData" is-config="true" duration-ms="12" started-at="2018-06-15T12:07:45Z" finished-at="2018-06-15T12:07:45Z">
          <reporter-output>
          </reporter-output>
        </test-method> <!-- getData -->
        <test-method status="PASS" signature="getN()[pri:0, instance:First@57baeedf]" name="getN" duration-ms="2395" started-at="2018-06-15T12:07:45Z" finished-at="2018-06-15T12:07:48Z">
          <reporter-output>
          </reporter-output>
        </test-method> <!-- getN -->
        <test-method status="PASS" signature="postData()[pri:0, instance:First@57baeedf]" name="postData" duration-ms="586" started-at="2018-06-15T12:07:48Z" finished-at="2018-06-15T12:07:48Z">
          <reporter-output>
          </reporter-output>
        </test-method> <!-- postData -->
      </class> <!-- First -->
    </test> <!-- Default test -->
  </suite> <!-- Default suite -->
</testng-results>
